e:\projects\_school\cplusplus\finalassignment\vikingengine\debug\vc141.pdb
e:\projects\_school\cplusplus\finalassignment\vikingengine\debug\vc141.idb
e:\projects\_school\cplusplus\finalassignment\vikingengine\debug\vector3.obj
e:\projects\_school\cplusplus\finalassignment\vikingengine\debug\vector2.obj
e:\projects\_school\cplusplus\finalassignment\vikingengine\debug\uiimage.obj
e:\projects\_school\cplusplus\finalassignment\vikingengine\debug\uibase.obj
e:\projects\_school\cplusplus\finalassignment\vikingengine\debug\transform.obj
e:\projects\_school\cplusplus\finalassignment\vikingengine\debug\time.obj
e:\projects\_school\cplusplus\finalassignment\vikingengine\debug\textures.obj
e:\projects\_school\cplusplus\finalassignment\vikingengine\debug\scene.obj
e:\projects\_school\cplusplus\finalassignment\vikingengine\debug\raycast.obj
e:\projects\_school\cplusplus\finalassignment\vikingengine\debug\meshrenderer.obj
e:\projects\_school\cplusplus\finalassignment\vikingengine\debug\input.obj
e:\projects\_school\cplusplus\finalassignment\vikingengine\debug\gameobject.obj
e:\projects\_school\cplusplus\finalassignment\vikingengine\debug\engine.obj
e:\projects\_school\cplusplus\finalassignment\vikingengine\debug\debug.obj
e:\projects\_school\cplusplus\finalassignment\vikingengine\debug\component.obj
e:\projects\_school\cplusplus\finalassignment\vikingengine\debug\color.obj
e:\projects\_school\cplusplus\finalassignment\vikingengine\debug\collider.obj
e:\projects\_school\cplusplus\finalassignment\vikingengine\debug\camera.obj
e:\projects\_school\cplusplus\finalassignment\vikingengine\debug\audio.obj
e:\projects\_school\cplusplus\finalassignment\vikingengine\build\engine.lib
e:\projects\_school\cplusplus\finalassignment\vikingengine\build\engine.exp
e:\projects\_school\cplusplus\finalassignment\vikingengine\build\engine.dll
e:\projects\_school\cplusplus\finalassignment\vikingengine\build\engine.pdb
e:\projects\_school\cplusplus\finalassignment\vikingengine\debug\engine.tlog\cl.command.1.tlog
e:\projects\_school\cplusplus\finalassignment\vikingengine\debug\engine.tlog\cl.read.1.tlog
e:\projects\_school\cplusplus\finalassignment\vikingengine\debug\engine.tlog\cl.write.1.tlog
e:\projects\_school\cplusplus\finalassignment\vikingengine\debug\engine.tlog\engine.write.1u.tlog
e:\projects\_school\cplusplus\finalassignment\vikingengine\debug\engine.tlog\link.11556.delete.1.tlog
e:\projects\_school\cplusplus\finalassignment\vikingengine\debug\engine.tlog\link.3172.delete.1.tlog
e:\projects\_school\cplusplus\finalassignment\vikingengine\debug\engine.tlog\link.5464.delete.1.tlog
e:\projects\_school\cplusplus\finalassignment\vikingengine\debug\engine.tlog\link.command.1.tlog
e:\projects\_school\cplusplus\finalassignment\vikingengine\debug\engine.tlog\link.read.1.tlog
e:\projects\_school\cplusplus\finalassignment\vikingengine\debug\engine.tlog\link.write.1.tlog
