  Engine.cpp
e:\projects\_school\cplusplus\finalassignment\vikingengine\gameobject.h(18): warning C4251: 'GameObject::name': class 'std::basic_string<char,std::char_traits<char>,std::allocator<char>>' needs to have dll-interface to be used by clients of class 'GameObject'
  c:\program files (x86)\microsoft visual studio\2017\community\vc\tools\msvc\14.16.27023\include\xstring(4373): note: see declaration of 'std::basic_string<char,std::char_traits<char>,std::allocator<char>>'
e:\projects\_school\cplusplus\finalassignment\vikingengine\scene.h(18): warning C4251: 'Scene::gameObjects': class 'std::unordered_set<GameObject,std::hash<GameObject>,std::equal_to<_Kty>,std::allocator<_Kty>>' needs to have dll-interface to be used by clients of class 'Scene'
          with
          [
              _Kty=GameObject
          ]
  e:\projects\_school\cplusplus\finalassignment\vikingengine\scene.h(18): note: see declaration of 'std::unordered_set<GameObject,std::hash<GameObject>,std::equal_to<_Kty>,std::allocator<_Kty>>'
          with
          [
              _Kty=GameObject
          ]
c:\program files (x86)\windows kits\10\include\10.0.17763.0\shared\minwindef.h(130): warning C4005: 'APIENTRY': macro redefinition
  e:\projects\_school\cplusplus\finalassignment\vikingengine\dependencies\glfw\glfw3.h(98): note: see previous definition of 'APIENTRY'
  GameObject.cpp
e:\projects\_school\cplusplus\finalassignment\vikingengine\gameobject.h(18): warning C4251: 'GameObject::name': class 'std::basic_string<char,std::char_traits<char>,std::allocator<char>>' needs to have dll-interface to be used by clients of class 'GameObject'
  c:\program files (x86)\microsoft visual studio\2017\community\vc\tools\msvc\14.16.27023\include\xstring(4373): note: see declaration of 'std::basic_string<char,std::char_traits<char>,std::allocator<char>>'
  Scene.cpp
e:\projects\_school\cplusplus\finalassignment\vikingengine\gameobject.h(18): warning C4251: 'GameObject::name': class 'std::basic_string<char,std::char_traits<char>,std::allocator<char>>' needs to have dll-interface to be used by clients of class 'GameObject'
  c:\program files (x86)\microsoft visual studio\2017\community\vc\tools\msvc\14.16.27023\include\xstring(4373): note: see declaration of 'std::basic_string<char,std::char_traits<char>,std::allocator<char>>'
e:\projects\_school\cplusplus\finalassignment\vikingengine\scene.h(18): warning C4251: 'Scene::gameObjects': class 'std::unordered_set<GameObject,std::hash<GameObject>,std::equal_to<_Kty>,std::allocator<_Kty>>' needs to have dll-interface to be used by clients of class 'Scene'
          with
          [
              _Kty=GameObject
          ]
  e:\projects\_school\cplusplus\finalassignment\vikingengine\scene.h(18): note: see declaration of 'std::unordered_set<GameObject,std::hash<GameObject>,std::equal_to<_Kty>,std::allocator<_Kty>>'
          with
          [
              _Kty=GameObject
          ]
  Generating Code...
     Creating library E:\Projects\_School\CPlusPlus\FinalAssignment\VikingEngine\Build\Engine.lib and object E:\Projects\_School\CPlusPlus\FinalAssignment\VikingEngine\Build\Engine.exp
LINK : warning LNK4098: defaultlib 'MSVCRT' conflicts with use of other libs; use /NODEFAULTLIB:library
  VikingEngine.vcxproj -> E:\Projects\_School\CPlusPlus\FinalAssignment\VikingEngine\Build\Engine.dll
  A subdirectory or file E:\Projects\_School\CPlusPlus\FinalAssignment\Game\Build\ already exists.
          1 file(s) copied.
          1 file(s) copied.
