e:\projects\_school\cplusplus\finalassignment\game\debug\vc141.pdb
e:\projects\_school\cplusplus\finalassignment\game\debug\vc141.idb
e:\projects\_school\cplusplus\finalassignment\game\debug\program.obj
e:\projects\_school\cplusplus\finalassignment\game\build\game.pdb
e:\projects\_school\cplusplus\finalassignment\game\debug\game.tlog\cl.command.1.tlog
e:\projects\_school\cplusplus\finalassignment\game\debug\game.tlog\cl.read.1.tlog
e:\projects\_school\cplusplus\finalassignment\game\debug\game.tlog\cl.write.1.tlog
e:\projects\_school\cplusplus\finalassignment\game\debug\game.tlog\link-cvtres.read.1.tlog
e:\projects\_school\cplusplus\finalassignment\game\debug\game.tlog\link-cvtres.write.1.tlog
e:\projects\_school\cplusplus\finalassignment\game\debug\game.tlog\link-rc.read.1.tlog
e:\projects\_school\cplusplus\finalassignment\game\debug\game.tlog\link-rc.write.1.tlog
e:\projects\_school\cplusplus\finalassignment\game\debug\game.tlog\link.24096-cvtres.read.1.tlog
e:\projects\_school\cplusplus\finalassignment\game\debug\game.tlog\link.24096-cvtres.write.1.tlog
e:\projects\_school\cplusplus\finalassignment\game\debug\game.tlog\link.24096-rc.read.1.tlog
e:\projects\_school\cplusplus\finalassignment\game\debug\game.tlog\link.24096-rc.write.1.tlog
e:\projects\_school\cplusplus\finalassignment\game\debug\game.tlog\link.24096.read.1.tlog
e:\projects\_school\cplusplus\finalassignment\game\debug\game.tlog\link.24096.write.1.tlog
e:\projects\_school\cplusplus\finalassignment\game\debug\game.tlog\link.command.1.tlog
e:\projects\_school\cplusplus\finalassignment\game\debug\game.tlog\link.read.1.tlog
e:\projects\_school\cplusplus\finalassignment\game\debug\game.tlog\link.write.1.tlog
